# JRE version: OpenJDK Runtime Environment Temurin-17.0.18+8 (17.0.18+8) (build 17.0.18+8)
# Java VM: OpenJDK 64-Bit Server VM Temurin-17.0.18+8 (17.0.18+8, mixed mode, sharing, tiered, compressed oops, compressed class ptrs, g1 gc, windows-amd64)
GC Precious Log:
 CPUs: 4 total, 4 available
 Memory: 8070M
 Large Page Support: Disabled
 NUMA Support: Disabled
 Compressed Oops: Enabled (32-bit)
 Heap Region Size: 1M
 Heap Min Capacity: 8M
 Heap Initial Capacity: 128M
 Heap Max Capacity: 2G
 Pre-touch: Disabled
 Parallel Workers: 4
 Concurrent Workers: 1
 Concurrent Refinement Workers: 4
 Periodic GC: Disabled
Heap:
 garbage-first heap   total 517120K, used 355872K [0x0000000080000000, 0x0000000100000000)
  region size 1024K, 64 young (65536K), 19 survivors (19456K)
 Metaspace       used 126372K, committed 128704K, reserved 557056K
  class space    used 17328K, committed 18432K, reserved 425984K
GC Heap History (20 events):
Event: 135.174 GC heap before
{Heap before GC invocations=123 (full 0):
 garbage-first heap   total 295936K, used 273674K [0x0000000080000000, 0x0000000100000000)
  region size 1024K, 14 young (14336K), 2 survivors (2048K)
 Metaspace       used 123364K, committed 125312K, reserved 557056K
  class space    used 17065K, committed 17984K, reserved 425984K
}
Event: 135.180 GC heap after
{Heap after GC invocations=124 (full 0):
 garbage-first heap   total 295936K, used 264411K [0x0000000080000000, 0x0000000100000000)
  region size 1024K, 2 young (2048K), 2 survivors (2048K)
 Metaspace       used 123364K, committed 125312K, reserved 557056K
  class space    used 17065K, committed 17984K, reserved 425984K
}
Event: 135.604 GC heap before
{Heap before GC invocations=124 (full 0):
 garbage-first heap   total 295936K, used 275675K [0x0000000080000000, 0x0000000100000000)
  region size 1024K, 14 young (14336K), 2 survivors (2048K)
 Metaspace       used 123394K, committed 125312K, reserved 557056K
  class space    used 17067K, committed 17984K, reserved 425984K
}
Event: 135.611 GC heap after
{Heap after GC invocations=125 (full 0):
 garbage-first heap   total 295936K, used 266639K [0x0000000080000000, 0x0000000100000000)
  region size 1024K, 2 young (2048K), 2 survivors (2048K)
 Metaspace       used 123394K, committed 125312K, reserved 557056K
  class space    used 17067K, committed 17984K, reserved 425984K
}
Event: 136.521 GC heap before
{Heap before GC invocations=126 (full 0):
 garbage-first heap   total 450560K, used 278927K [0x0000000080000000, 0x0000000100000000)
  region size 1024K, 14 young (14336K), 2 survivors (2048K)
 Metaspace       used 123412K, committed 125312K, reserved 557056K
  class space    used 17065K, committed 17984K, reserved 425984K
}
Event: 136.528 GC heap after
{Heap after GC invocations=127 (full 0):
 garbage-first heap   total 450560K, used 268548K [0x0000000080000000, 0x0000000100000000)
  region size 1024K, 2 young (2048K), 2 survivors (2048K)
 Metaspace       used 123412K, committed 125312K, reserved 557056K
  class space    used 17065K, committed 17984K, reserved 425984K
}
Event: 137.171 GC heap before
{Heap before GC invocations=127 (full 0):
 garbage-first heap   total 450560K, used 288004K [0x0000000080000000, 0x0000000100000000)
  region size 1024K, 22 young (22528K), 2 survivors (2048K)
 Metaspace       used 123500K, committed 125440K, reserved 557056K
  class space    used 17072K, committed 17984K, reserved 425984K
}
Event: 137.197 GC heap after
{Heap after GC invocations=128 (full 0):
 garbage-first heap   total 450560K, used 240938K [0x0000000080000000, 0x0000000100000000)
  region size 1024K, 3 young (3072K), 3 survivors (3072K)
 Metaspace       used 123500K, committed 125440K, reserved 557056K
  class space    used 17072K, committed 17984K, reserved 425984K
}
Event: 137.718 GC heap before
{Heap before GC invocations=128 (full 0):
 garbage-first heap   total 450560K, used 260394K [0x0000000080000000, 0x0000000100000000)
  region size 1024K, 22 young (22528K), 3 survivors (3072K)
 Metaspace       used 123631K, committed 125568K, reserved 557056K
  class space    used 17081K, committed 18048K, reserved 425984K
}
Event: 137.745 GC heap after
{Heap after GC invocations=129 (full 0):
 garbage-first heap   total 450560K, used 233984K [0x0000000080000000, 0x0000000100000000)
  region size 1024K, 3 young (3072K), 3 survivors (3072K)
 Metaspace       used 123631K, committed 125568K, reserved 557056K
  class space    used 17081K, committed 18048K, reserved 425984K
}
Event: 140.904 GC heap before
{Heap before GC invocations=129 (full 0):
 garbage-first heap   total 450560K, used 355840K [0x0000000080000000, 0x0000000100000000)
  region size 1024K, 122 young (124928K), 3 survivors (3072K)
 Metaspace       used 124087K, committed 126016K, reserved 557056K
  class space    used 17117K, committed 18048K, reserved 425984K
}
Event: 140.938 GC heap after
{Heap after GC invocations=130 (full 0):
 garbage-first heap   total 517120K, used 251904K [0x0000000080000000, 0x0000000100000000)
  region size 1024K, 16 young (16384K), 16 survivors (16384K)
 Metaspace       used 124087K, committed 126016K, reserved 557056K
  class space    used 17117K, committed 18048K, reserved 425984K
}
Event: 146.196 GC heap before
{Heap before GC invocations=130 (full 0):
 garbage-first heap   total 517120K, used 389120K [0x0000000080000000, 0x0000000100000000)
  region size 1024K, 150 young (153600K), 16 survivors (16384K)
 Metaspace       used 124884K, committed 127040K, reserved 557056K
  class space    used 17218K, committed 18240K, reserved 425984K
}
Event: 146.243 GC heap after
{Heap after GC invocations=131 (full 0):
 garbage-first heap   total 517120K, used 268116K [0x0000000080000000, 0x0000000100000000)
  region size 1024K, 16 young (16384K), 16 survivors (16384K)
 Metaspace       used 124884K, committed 127040K, reserved 557056K
  class space    used 17218K, committed 18240K, reserved 425984K
}
Event: 2138.586 GC heap before
{Heap before GC invocations=131 (full 0):
 garbage-first heap   total 517120K, used 401236K [0x0000000080000000, 0x0000000100000000)
  region size 1024K, 147 young (150528K), 16 survivors (16384K)
 Metaspace       used 125194K, committed 127424K, reserved 557056K
  class space    used 17232K, committed 18304K, reserved 425984K
}
Event: 2138.669 GC heap after
{Heap after GC invocations=132 (full 0):
 garbage-first heap   total 517120K, used 270336K [0x0000000080000000, 0x0000000100000000)
  region size 1024K, 3 young (3072K), 3 survivors (3072K)
 Metaspace       used 125194K, committed 127424K, reserved 557056K
  class space    used 17232K, committed 18304K, reserved 425984K
}
Event: 2144.155 GC heap before
{Heap before GC invocations=132 (full 0):
 garbage-first heap   total 517120K, used 416768K [0x0000000080000000, 0x0000000100000000)
  region size 1024K, 146 young (149504K), 3 survivors (3072K)
 Metaspace       used 125620K, committed 127808K, reserved 557056K
  class space    used 17255K, committed 18304K, reserved 425984K
}
Event: 2144.191 GC heap after
{Heap after GC invocations=133 (full 0):
 garbage-first heap   total 517120K, used 288768K [0x0000000080000000, 0x0000000100000000)
  region size 1024K, 19 young (19456K), 19 survivors (19456K)
 Metaspace       used 125620K, committed 127808K, reserved 557056K
  class space    used 17255K, committed 18304K, reserved 425984K
}
Event: 2149.207 GC heap before
{Heap before GC invocations=133 (full 0):
 garbage-first heap   total 517120K, used 419840K [0x0000000080000000, 0x0000000100000000)
  region size 1024K, 147 young (150528K), 19 survivors (19456K)
 Metaspace       used 126173K, committed 128512K, reserved 557056K
  class space    used 17304K, committed 18432K, reserved 425984K
}
Event: 2149.292 GC heap after
{Heap after GC invocations=134 (full 0):
 garbage-first heap   total 517120K, used 310816K [0x0000000080000000, 0x0000000100000000)
  region size 1024K, 19 young (19456K), 19 survivors (19456K)
 Metaspace       used 126173K, committed 128512K, reserved 557056K
  class space    used 17304K, committed 18432K, reserved 425984K
}

